Classic Timing Analyzer report for lab1
Thu Sep 07 23:02:38 2023
Quartus II Version 9.1 Build 222 10/21/2009 SJ Web Edition


---------------------
; Table of Contents ;
---------------------
  1. Legal Notice
  2. Timing Analyzer Summary
  3. Timing Analyzer Settings
  4. Parallel Compilation
  5. tpd
  6. Timing Analyzer Messages



----------------
; Legal Notice ;
----------------
Copyright (C) 1991-2009 Altera Corporation
Your use of Altera Corporation's design tools, logic functions 
and other software and tools, and its AMPP partner logic 
functions, and any output files from any of the foregoing 
(including device programming or simulation files), and any 
associated documentation or information are expressly subject 
to the terms and conditions of the Altera Program License 
Subscription Agreement, Altera MegaCore Function License 
Agreement, or other applicable license agreement, including, 
without limitation, that your use is for the sole purpose of 
programming logic devices manufactured by Altera and sold by 
Altera or its authorized distributors.  Please refer to the 
applicable agreement for further details.



+-----------------------------------------------------------------------------------------------------------------------+
; Timing Analyzer Summary                                                                                               ;
+------------------------------+-------+---------------+-------------+------+----+------------+----------+--------------+
; Type                         ; Slack ; Required Time ; Actual Time ; From ; To ; From Clock ; To Clock ; Failed Paths ;
+------------------------------+-------+---------------+-------------+------+----+------------+----------+--------------+
; Worst-case tpd               ; N/A   ; None          ; 9.672 ns    ; A0   ; C2 ; --         ; --       ; 0            ;
; Total number of failed paths ;       ;               ;             ;      ;    ;            ;          ; 0            ;
+------------------------------+-------+---------------+-------------+------+----+------------+----------+--------------+


+-----------------------------------------------------------------------------------------------------------------------------------------------------+
; Timing Analyzer Settings                                                                                                                            ;
+------------------------------------------------------------------------------------------------------+--------------------+------+----+-------------+
; Option                                                                                               ; Setting            ; From ; To ; Entity Name ;
+------------------------------------------------------------------------------------------------------+--------------------+------+----+-------------+
; Device Name                                                                                          ; EP2S15F484C3       ;      ;    ;             ;
; Timing Models                                                                                        ; Final              ;      ;    ;             ;
; Default hold multicycle                                                                              ; Same as Multicycle ;      ;    ;             ;
; Cut paths between unrelated clock domains                                                            ; On                 ;      ;    ;             ;
; Cut off read during write signal paths                                                               ; On                 ;      ;    ;             ;
; Cut off feedback from I/O pins                                                                       ; On                 ;      ;    ;             ;
; Report Combined Fast/Slow Timing                                                                     ; Off                ;      ;    ;             ;
; Ignore Clock Settings                                                                                ; Off                ;      ;    ;             ;
; Analyze latches as synchronous elements                                                              ; On                 ;      ;    ;             ;
; Enable Recovery/Removal analysis                                                                     ; Off                ;      ;    ;             ;
; Enable Clock Latency                                                                                 ; Off                ;      ;    ;             ;
; Use TimeQuest Timing Analyzer                                                                        ; Off                ;      ;    ;             ;
; Number of source nodes to report per destination node                                                ; 10                 ;      ;    ;             ;
; Number of destination nodes to report                                                                ; 10                 ;      ;    ;             ;
; Number of paths to report                                                                            ; 200                ;      ;    ;             ;
; Report Minimum Timing Checks                                                                         ; Off                ;      ;    ;             ;
; Use Fast Timing Models                                                                               ; Off                ;      ;    ;             ;
; Report IO Paths Separately                                                                           ; Off                ;      ;    ;             ;
; Perform Multicorner Analysis                                                                         ; On                 ;      ;    ;             ;
; Reports the worst-case path for each clock domain and analysis                                       ; Off                ;      ;    ;             ;
; Reports worst-case timing paths for each clock domain and analysis                                   ; Off                ;      ;    ;             ;
; Specifies the maximum number of worst-case timing paths to report for each clock domain and analysis ; 100                ;      ;    ;             ;
; Removes common clock path pessimism (CCPP) during slack computation                                  ; Off                ;      ;    ;             ;
; Output I/O Timing Endpoint                                                                           ; Near End           ;      ;    ;             ;
+------------------------------------------------------------------------------------------------------+--------------------+------+----+-------------+


Parallel compilation was disabled, but you have multiple processors available. Enable parallel compilation to reduce compilation time.
+-------------------------------------+
; Parallel Compilation                ;
+----------------------------+--------+
; Processors                 ; Number ;
+----------------------------+--------+
; Number detected on machine ; 4      ;
; Maximum allowed            ; 1      ;
+----------------------------+--------+


+-----------------------------------------------------------+
; tpd                                                       ;
+-------+-------------------+-----------------+--------+----+
; Slack ; Required P2P Time ; Actual P2P Time ; From   ; To ;
+-------+-------------------+-----------------+--------+----+
; N/A   ; None              ; 9.672 ns        ; A0     ; C2 ;
; N/A   ; None              ; 9.626 ns        ; C0     ; C2 ;
; N/A   ; None              ; 9.560 ns        ; B0     ; C2 ;
; N/A   ; None              ; 9.390 ns        ; B1     ; C2 ;
; N/A   ; None              ; 9.171 ns        ; A1     ; C2 ;
; N/A   ; None              ; 9.055 ns        ; ENABLE ; C2 ;
; N/A   ; None              ; 8.690 ns        ; A0     ; S1 ;
; N/A   ; None              ; 8.461 ns        ; C0     ; S1 ;
; N/A   ; None              ; 8.415 ns        ; B0     ; S1 ;
; N/A   ; None              ; 8.134 ns        ; ENABLE ; S1 ;
; N/A   ; None              ; 8.020 ns        ; B1     ; S1 ;
; N/A   ; None              ; 8.006 ns        ; A1     ; S1 ;
; N/A   ; None              ; 7.632 ns        ; C0     ; S0 ;
; N/A   ; None              ; 7.566 ns        ; B0     ; S0 ;
; N/A   ; None              ; 7.499 ns        ; A0     ; S0 ;
; N/A   ; None              ; 7.438 ns        ; ENABLE ; S0 ;
+-------+-------------------+-----------------+--------+----+


+--------------------------+
; Timing Analyzer Messages ;
+--------------------------+
Info: *******************************************************************
Info: Running Quartus II Classic Timing Analyzer
    Info: Version 9.1 Build 222 10/21/2009 SJ Web Edition
    Info: Processing started: Thu Sep 07 23:02:38 2023
Info: Command: quartus_tan --read_settings_files=off --write_settings_files=off lab1 -c lab1 --timing_analysis_only
Info: Longest tpd from source pin "A0" to destination pin "C2" is 9.672 ns
    Info: 1: + IC(0.000 ns) + CELL(0.857 ns) = 0.857 ns; Loc. = PIN_AA8; Fanout = 3; PIN Node = 'A0'
    Info: 2: + IC(3.783 ns) + CELL(0.225 ns) = 4.865 ns; Loc. = LCCOMB_X26_Y4_N6; Fanout = 2; COMB Node = 'inst11~0'
    Info: 3: + IC(0.213 ns) + CELL(0.225 ns) = 5.303 ns; Loc. = LCCOMB_X26_Y4_N26; Fanout = 1; COMB Node = 'inst16~0'
    Info: 4: + IC(0.195 ns) + CELL(0.053 ns) = 5.551 ns; Loc. = LCCOMB_X26_Y4_N24; Fanout = 1; COMB Node = 'inst19'
    Info: 5: + IC(2.075 ns) + CELL(2.046 ns) = 9.672 ns; Loc. = PIN_B9; Fanout = 0; PIN Node = 'C2'
    Info: Total cell delay = 3.406 ns ( 35.22 % )
    Info: Total interconnect delay = 6.266 ns ( 64.78 % )
Info: Quartus II Classic Timing Analyzer was successful. 0 errors, 0 warnings
    Info: Peak virtual memory: 190 megabytes
    Info: Processing ended: Thu Sep 07 23:02:38 2023
    Info: Elapsed time: 00:00:00
    Info: Total CPU time (on all processors): 00:00:00


