Analysis & Synthesis report for lab3
Fri Oct 13 01:21:10 2023
Quartus II Version 9.1 Build 222 10/21/2009 SJ Web Edition


---------------------
; Table of Contents ;
---------------------
  1. Legal Notice
  2. Analysis & Synthesis Summary
  3. Analysis & Synthesis Settings
  4. Parallel Compilation
  5. Analysis & Synthesis Source Files Read
  6. Analysis & Synthesis Resource Usage Summary
  7. Analysis & Synthesis Resource Utilization by Entity
  8. Analysis & Synthesis RAM Summary
  9. General Register Statistics
 10. Source assignments for lab3ROM:inst2|lpm_rom0:inst|altsyncram:altsyncram_component|altsyncram_5j51:auto_generated
 11. Source assignments for lab3RAM:inst1|lpm_ram_dq0:inst1|altsyncram:altsyncram_component|altsyncram_qla1:auto_generated
 12. Source assignments for lab3BUFFER:inst|lpm_dff0:inst5|lpm_ff:lpm_ff_component|altshift_taps:dffs_rtl_0|shift_taps_e1m:auto_generated|altsyncram_g781:altsyncram2
 13. Parameter Settings for User Entity Instance: lab3ROM:inst2|lpm_bustri0:inst1|lpm_bustri:lpm_bustri_component
 14. Parameter Settings for User Entity Instance: lab3ROM:inst2|lpm_rom0:inst
 15. Parameter Settings for User Entity Instance: lab3ROM:inst2|lpm_rom0:inst|altsyncram:altsyncram_component
 16. Parameter Settings for User Entity Instance: lab3RAM:inst1|lpm_bustri1:inst|lpm_bustri:lpm_bustri_component
 17. Parameter Settings for User Entity Instance: lab3RAM:inst1|lpm_ram_dq0:inst1
 18. Parameter Settings for User Entity Instance: lab3RAM:inst1|lpm_ram_dq0:inst1|altsyncram:altsyncram_component
 19. Parameter Settings for User Entity Instance: lab3BUFFER:inst|lpm_bustri1:inst10|lpm_bustri:lpm_bustri_component
 20. Parameter Settings for User Entity Instance: lab3BUFFER:inst|lpm_dff0:inst11|lpm_ff:lpm_ff_component
 21. Parameter Settings for User Entity Instance: lab3BUFFER:inst|lpm_dff0:inst9|lpm_ff:lpm_ff_component
 22. Parameter Settings for User Entity Instance: lab3BUFFER:inst|lpm_dff0:inst6|lpm_ff:lpm_ff_component
 23. Parameter Settings for User Entity Instance: lab3BUFFER:inst|lpm_dff0:inst5|lpm_ff:lpm_ff_component
 24. Parameter Settings for Inferred Entity Instance: lab3BUFFER:inst|lpm_dff0:inst5|lpm_ff:lpm_ff_component|altshift_taps:dffs_rtl_0
 25. altsyncram Parameter Settings by Entity Instance
 26. altshift_taps Parameter Settings by Entity Instance
 27. Analysis & Synthesis Messages



----------------
; Legal Notice ;
----------------
Copyright (C) 1991-2009 Altera Corporation
Your use of Altera Corporation's design tools, logic functions 
and other software and tools, and its AMPP partner logic 
functions, and any output files from any of the foregoing 
(including device programming or simulation files), and any 
associated documentation or information are expressly subject 
to the terms and conditions of the Altera Program License 
Subscription Agreement, Altera MegaCore Function License 
Agreement, or other applicable license agreement, including, 
without limitation, that your use is for the sole purpose of 
programming logic devices manufactured by Altera and sold by 
Altera or its authorized distributors.  Please refer to the 
applicable agreement for further details.



+-------------------------------------------------------------------------+
; Analysis & Synthesis Summary                                            ;
+-------------------------------+-----------------------------------------+
; Analysis & Synthesis Status   ; Successful - Fri Oct 13 01:21:10 2023   ;
; Quartus II Version            ; 9.1 Build 222 10/21/2009 SJ Web Edition ;
; Revision Name                 ; lab3                                    ;
; Top-level Entity Name         ; lab3                                    ;
; Family                        ; Stratix II                              ;
; Logic utilization             ; N/A                                     ;
;     Combinational ALUTs       ; 28                                      ;
;     Dedicated logic registers ; 1                                       ;
; Total registers               ; 1                                       ;
; Total pins                    ; 18                                      ;
; Total virtual pins            ; 0                                       ;
; Total block memory bits       ; 1,040                                   ;
; DSP block 9-bit elements      ; 0                                       ;
; Total PLLs                    ; 0                                       ;
; Total DLLs                    ; 0                                       ;
+-------------------------------+-----------------------------------------+


+----------------------------------------------------------------------------------------------------------------------+
; Analysis & Synthesis Settings                                                                                        ;
+----------------------------------------------------------------------------+--------------------+--------------------+
; Option                                                                     ; Setting            ; Default Value      ;
+----------------------------------------------------------------------------+--------------------+--------------------+
; Top-level entity name                                                      ; lab3               ; lab3               ;
; Family name                                                                ; Stratix II         ; Stratix II         ;
; Use Generated Physical Constraints File                                    ; Off                ;                    ;
; Use smart compilation                                                      ; Off                ; Off                ;
; Enable parallel Assembler and TimeQuest Timing Analyzer during compilation ; On                 ; On                 ;
; Enable compact report table                                                ; Off                ; Off                ;
; Restructure Multiplexers                                                   ; Auto               ; Auto               ;
; Create Debugging Nodes for IP Cores                                        ; Off                ; Off                ;
; Preserve fewer node names                                                  ; On                 ; On                 ;
; Disable OpenCore Plus hardware evaluation                                  ; Off                ; Off                ;
; Verilog Version                                                            ; Verilog_2001       ; Verilog_2001       ;
; VHDL Version                                                               ; VHDL_1993          ; VHDL_1993          ;
; State Machine Processing                                                   ; Auto               ; Auto               ;
; Safe State Machine                                                         ; Off                ; Off                ;
; Extract Verilog State Machines                                             ; On                 ; On                 ;
; Extract VHDL State Machines                                                ; On                 ; On                 ;
; Ignore Verilog initial constructs                                          ; Off                ; Off                ;
; Iteration limit for constant Verilog loops                                 ; 5000               ; 5000               ;
; Iteration limit for non-constant Verilog loops                             ; 250                ; 250                ;
; Add Pass-Through Logic to Inferred RAMs                                    ; On                 ; On                 ;
; Parallel Synthesis                                                         ; On                 ; On                 ;
; DSP Block Balancing                                                        ; Auto               ; Auto               ;
; NOT Gate Push-Back                                                         ; On                 ; On                 ;
; Power-Up Don't Care                                                        ; On                 ; On                 ;
; Remove Redundant Logic Cells                                               ; Off                ; Off                ;
; Remove Duplicate Registers                                                 ; On                 ; On                 ;
; Ignore CARRY Buffers                                                       ; Off                ; Off                ;
; Ignore CASCADE Buffers                                                     ; Off                ; Off                ;
; Ignore GLOBAL Buffers                                                      ; Off                ; Off                ;
; Ignore ROW GLOBAL Buffers                                                  ; Off                ; Off                ;
; Ignore LCELL Buffers                                                       ; Off                ; Off                ;
; Ignore SOFT Buffers                                                        ; On                 ; On                 ;
; Limit AHDL Integers to 32 Bits                                             ; Off                ; Off                ;
; Optimization Technique                                                     ; Balanced           ; Balanced           ;
; Carry Chain Length                                                         ; 70                 ; 70                 ;
; Auto Carry Chains                                                          ; On                 ; On                 ;
; Auto Open-Drain Pins                                                       ; On                 ; On                 ;
; Perform WYSIWYG Primitive Resynthesis                                      ; Off                ; Off                ;
; Auto ROM Replacement                                                       ; On                 ; On                 ;
; Auto RAM Replacement                                                       ; On                 ; On                 ;
; Auto DSP Block Replacement                                                 ; On                 ; On                 ;
; Auto Shift Register Replacement                                            ; Auto               ; Auto               ;
; Auto Clock Enable Replacement                                              ; On                 ; On                 ;
; Strict RAM Replacement                                                     ; Off                ; Off                ;
; Allow Synchronous Control Signals                                          ; On                 ; On                 ;
; Force Use of Synchronous Clear Signals                                     ; Off                ; Off                ;
; Auto RAM Block Balancing                                                   ; On                 ; On                 ;
; Auto RAM to Logic Cell Conversion                                          ; Off                ; Off                ;
; Auto Resource Sharing                                                      ; Off                ; Off                ;
; Allow Any RAM Size For Recognition                                         ; Off                ; Off                ;
; Allow Any ROM Size For Recognition                                         ; Off                ; Off                ;
; Allow Any Shift Register Size For Recognition                              ; Off                ; Off                ;
; Use LogicLock Constraints during Resource Balancing                        ; On                 ; On                 ;
; Ignore translate_off and synthesis_off directives                          ; Off                ; Off                ;
; Timing-Driven Synthesis                                                    ; Off                ; Off                ;
; Show Parameter Settings Tables in Synthesis Report                         ; On                 ; On                 ;
; Ignore Maximum Fan-Out Assignments                                         ; Off                ; Off                ;
; Synchronization Register Chain Length                                      ; 2                  ; 2                  ;
; PowerPlay Power Optimization                                               ; Normal compilation ; Normal compilation ;
; HDL message level                                                          ; Level2             ; Level2             ;
; Suppress Register Optimization Related Messages                            ; Off                ; Off                ;
; Number of Removed Registers Reported in Synthesis Report                   ; 100                ; 100                ;
; Number of Inverted Registers Reported in Synthesis Report                  ; 100                ; 100                ;
; Clock MUX Protection                                                       ; On                 ; On                 ;
; Auto Gated Clock Conversion                                                ; Off                ; Off                ;
; Block Design Naming                                                        ; Auto               ; Auto               ;
; SDC constraint protection                                                  ; Off                ; Off                ;
; Synthesis Effort                                                           ; Auto               ; Auto               ;
; Shift Register Replacement - Allow Asynchronous Clear Signal               ; On                 ; On                 ;
; Analysis & Synthesis Message Level                                         ; Medium             ; Medium             ;
; Disable Register Merging Across Hierarchies                                ; Auto               ; Auto               ;
; Resource Aware Inference For Block RAM                                     ; On                 ; On                 ;
+----------------------------------------------------------------------------+--------------------+--------------------+


Parallel compilation was disabled, but you have multiple processors available. Enable parallel compilation to reduce compilation time.
+-------------------------------------+
; Parallel Compilation                ;
+----------------------------+--------+
; Processors                 ; Number ;
+----------------------------+--------+
; Number detected on machine ; 4      ;
; Maximum allowed            ; 1      ;
+----------------------------+--------+


+-------------------------------------------------------------------------------------------------------------------------------------------------------------+
; Analysis & Synthesis Source Files Read                                                                                                                      ;
+----------------------------------+-----------------+---------------------------------------+----------------------------------------------------------------+
; File Name with User-Entered Path ; Used in Netlist ; File Type                             ; File Name with Absolute Path                                   ;
+----------------------------------+-----------------+---------------------------------------+----------------------------------------------------------------+
; lab3.bdf                         ; yes             ; User Block Diagram/Schematic File     ; D:/5 ÒÂÏ/—Ë‘Œ¬Ã/Î‡·˚/lab3/lab3.bdf                             ;
; lab3ROM.bdf                      ; yes             ; User Block Diagram/Schematic File     ; D:/5 ÒÂÏ/—Ë‘Œ¬Ã/Î‡·˚/lab3/lab3ROM.bdf                          ;
; lab3RAM.bdf                      ; yes             ; User Block Diagram/Schematic File     ; D:/5 ÒÂÏ/—Ë‘Œ¬Ã/Î‡·˚/lab3/lab3RAM.bdf                          ;
; lab3BUFFER.bdf                   ; yes             ; User Block Diagram/Schematic File     ; D:/5 ÒÂÏ/—Ë‘Œ¬Ã/Î‡·˚/lab3/lab3BUFFER.bdf                       ;
; romInit.hex                      ; yes             ; User Hexadecimal (Intel-Format) File  ; D:/5 ÒÂÏ/—Ë‘Œ¬Ã/Î‡·˚/lab3/romInit.hex                          ;
; ramInit.hex                      ; yes             ; User Hexadecimal (Intel-Format) File  ; D:/5 ÒÂÏ/—Ë‘Œ¬Ã/Î‡·˚/lab3/ramInit.hex                          ;
; lpm_bustri0.tdf                  ; yes             ; Auto-Found Wizard-Generated File      ; D:/5 ÒÂÏ/—Ë‘Œ¬Ã/Î‡·˚/lab3/lpm_bustri0.tdf                      ;
; lpm_bustri.inc                   ; yes             ; Auto-Found AHDL File                  ; c:/altera/91/quartus/libraries/megafunctions/lpm_bustri.inc    ;
; lpm_bustri.tdf                   ; yes             ; Megafunction                          ; c:/altera/91/quartus/libraries/megafunctions/lpm_bustri.tdf    ;
; lpm_rom0.tdf                     ; yes             ; Auto-Found Wizard-Generated File      ; D:/5 ÒÂÏ/—Ë‘Œ¬Ã/Î‡·˚/lab3/lpm_rom0.tdf                         ;
; altsyncram.inc                   ; yes             ; Auto-Found AHDL File                  ; c:/altera/91/quartus/libraries/megafunctions/altsyncram.inc    ;
; altsyncram.tdf                   ; yes             ; Megafunction                          ; c:/altera/91/quartus/libraries/megafunctions/altsyncram.tdf    ;
; db/altsyncram_5j51.tdf           ; yes             ; Auto-Generated Megafunction           ; D:/5 ÒÂÏ/—Ë‘Œ¬Ã/Î‡·˚/lab3/db/altsyncram_5j51.tdf               ;
; lpm_bustri1.tdf                  ; yes             ; Auto-Found Wizard-Generated File      ; D:/5 ÒÂÏ/—Ë‘Œ¬Ã/Î‡·˚/lab3/lpm_bustri1.tdf                      ;
; lpm_ram_dq0.tdf                  ; yes             ; Auto-Found Wizard-Generated File      ; D:/5 ÒÂÏ/—Ë‘Œ¬Ã/Î‡·˚/lab3/lpm_ram_dq0.tdf                      ;
; db/altsyncram_qla1.tdf           ; yes             ; Auto-Generated Megafunction           ; D:/5 ÒÂÏ/—Ë‘Œ¬Ã/Î‡·˚/lab3/db/altsyncram_qla1.tdf               ;
; lpm_dff0.tdf                     ; yes             ; Auto-Found Wizard-Generated File      ; D:/5 ÒÂÏ/—Ë‘Œ¬Ã/Î‡·˚/lab3/lpm_dff0.tdf                         ;
; lpm_ff.inc                       ; yes             ; Auto-Found AHDL File                  ; c:/altera/91/quartus/libraries/megafunctions/lpm_ff.inc        ;
; lpm_ff.tdf                       ; yes             ; Megafunction                          ; c:/altera/91/quartus/libraries/megafunctions/lpm_ff.tdf        ;
; altshift_taps.tdf                ; yes             ; Megafunction                          ; c:/altera/91/quartus/libraries/megafunctions/altshift_taps.tdf ;
; db/shift_taps_e1m.tdf            ; yes             ; Auto-Generated Megafunction           ; D:/5 ÒÂÏ/—Ë‘Œ¬Ã/Î‡·˚/lab3/db/shift_taps_e1m.tdf                ;
; db/altsyncram_g781.tdf           ; yes             ; Auto-Generated Megafunction           ; D:/5 ÒÂÏ/—Ë‘Œ¬Ã/Î‡·˚/lab3/db/altsyncram_g781.tdf               ;
; db/cntr_klf.tdf                  ; yes             ; Auto-Generated Megafunction           ; D:/5 ÒÂÏ/—Ë‘Œ¬Ã/Î‡·˚/lab3/db/cntr_klf.tdf                      ;
+----------------------------------+-----------------+---------------------------------------+----------------------------------------------------------------+


+-------------------------------------------------------+
; Analysis & Synthesis Resource Usage Summary           ;
+-----------------------------------------------+-------+
; Resource                                      ; Usage ;
+-----------------------------------------------+-------+
; Estimated ALUTs Used                          ; 28    ;
; Dedicated logic registers                     ; 1     ;
;                                               ;       ;
; Estimated ALUTs Unavailable                   ; 24    ;
;                                               ;       ;
; Total combinational functions                 ; 28    ;
; Combinational ALUT usage by number of inputs  ;       ;
;     -- 7 input functions                      ; 0     ;
;     -- 6 input functions                      ; 24    ;
;     -- 5 input functions                      ; 0     ;
;     -- 4 input functions                      ; 0     ;
;     -- <=3 input functions                    ; 4     ;
;                                               ;       ;
; Combinational ALUTs by mode                   ;       ;
;     -- normal mode                            ; 28    ;
;     -- extended LUT mode                      ; 0     ;
;     -- arithmetic mode                        ; 0     ;
;     -- shared arithmetic mode                 ; 0     ;
;                                               ;       ;
; Estimated ALUT/register pairs used            ; 52    ;
;                                               ;       ;
; Total registers                               ; 1     ;
;     -- Dedicated logic registers              ; 1     ;
;     -- I/O registers                          ; 0     ;
;                                               ;       ;
; Estimated ALMs:  partially or completely used ; 26    ;
;                                               ;       ;
; I/O pins                                      ; 18    ;
; Total block memory bits                       ; 1040  ;
; Maximum fan-out node                          ; write ;
; Maximum fan-out                               ; 34    ;
; Total fan-out                                 ; 323   ;
; Average fan-out                               ; 4.55  ;
+-----------------------------------------------+-------+


+------------------------------------------------------------------------------------------------------------------------------------------------------------------------------------------------------------------------------------------------------------------------------------------------------------------------------------------------+
; Analysis & Synthesis Resource Utilization by Entity                                                                                                                                                                                                                                                                                            ;
+-------------------------------------------------+-------------------+--------------+-------------------+--------------+---------+-----------+-----------+------+--------------+-------------------------------------------------------------------------------------------------------------------------------------------------+--------------+
; Compilation Hierarchy Node                      ; LC Combinationals ; LC Registers ; Block Memory Bits ; DSP Elements ; DSP 9x9 ; DSP 18x18 ; DSP 36x36 ; Pins ; Virtual Pins ; Full Hierarchy Name                                                                                                                             ; Library Name ;
+-------------------------------------------------+-------------------+--------------+-------------------+--------------+---------+-----------+-----------+------+--------------+-------------------------------------------------------------------------------------------------------------------------------------------------+--------------+
; |lab3                                           ; 28 (0)            ; 1 (0)        ; 1040              ; 0            ; 0       ; 0         ; 0         ; 18   ; 0            ; |lab3                                                                                                                                           ; work         ;
;    |lab3BUFFER:inst|                            ; 11 (2)            ; 1 (0)        ; 16                ; 0            ; 0       ; 0         ; 0         ; 0    ; 0            ; |lab3|lab3BUFFER:inst                                                                                                                           ;              ;
;       |lpm_bustri1:inst10|                      ; 8 (0)             ; 0 (0)        ; 0                 ; 0            ; 0       ; 0         ; 0         ; 0    ; 0            ; |lab3|lab3BUFFER:inst|lpm_bustri1:inst10                                                                                                        ;              ;
;          |lpm_bustri:lpm_bustri_component|      ; 8 (8)             ; 0 (0)        ; 0                 ; 0            ; 0       ; 0         ; 0         ; 0    ; 0            ; |lab3|lab3BUFFER:inst|lpm_bustri1:inst10|lpm_bustri:lpm_bustri_component                                                                        ;              ;
;       |lpm_dff0:inst5|                          ; 1 (0)             ; 1 (0)        ; 16                ; 0            ; 0       ; 0         ; 0         ; 0    ; 0            ; |lab3|lab3BUFFER:inst|lpm_dff0:inst5                                                                                                            ;              ;
;          |lpm_ff:lpm_ff_component|              ; 1 (0)             ; 1 (0)        ; 16                ; 0            ; 0       ; 0         ; 0         ; 0    ; 0            ; |lab3|lab3BUFFER:inst|lpm_dff0:inst5|lpm_ff:lpm_ff_component                                                                                    ;              ;
;             |altshift_taps:dffs_rtl_0|          ; 1 (0)             ; 1 (0)        ; 16                ; 0            ; 0       ; 0         ; 0         ; 0    ; 0            ; |lab3|lab3BUFFER:inst|lpm_dff0:inst5|lpm_ff:lpm_ff_component|altshift_taps:dffs_rtl_0                                                           ;              ;
;                |shift_taps_e1m:auto_generated|  ; 1 (0)             ; 1 (0)        ; 16                ; 0            ; 0       ; 0         ; 0         ; 0    ; 0            ; |lab3|lab3BUFFER:inst|lpm_dff0:inst5|lpm_ff:lpm_ff_component|altshift_taps:dffs_rtl_0|shift_taps_e1m:auto_generated                             ;              ;
;                   |altsyncram_g781:altsyncram2| ; 0 (0)             ; 0 (0)        ; 16                ; 0            ; 0       ; 0         ; 0         ; 0    ; 0            ; |lab3|lab3BUFFER:inst|lpm_dff0:inst5|lpm_ff:lpm_ff_component|altshift_taps:dffs_rtl_0|shift_taps_e1m:auto_generated|altsyncram_g781:altsyncram2 ;              ;
;                   |cntr_klf:cntr1|              ; 1 (1)             ; 1 (1)        ; 0                 ; 0            ; 0       ; 0         ; 0         ; 0    ; 0            ; |lab3|lab3BUFFER:inst|lpm_dff0:inst5|lpm_ff:lpm_ff_component|altshift_taps:dffs_rtl_0|shift_taps_e1m:auto_generated|cntr_klf:cntr1              ;              ;
;    |lab3RAM:inst1|                              ; 8 (0)             ; 0 (0)        ; 512               ; 0            ; 0       ; 0         ; 0         ; 0    ; 0            ; |lab3|lab3RAM:inst1                                                                                                                             ; work         ;
;       |lpm_bustri1:inst|                        ; 8 (0)             ; 0 (0)        ; 0                 ; 0            ; 0       ; 0         ; 0         ; 0    ; 0            ; |lab3|lab3RAM:inst1|lpm_bustri1:inst                                                                                                            ;              ;
;          |lpm_bustri:lpm_bustri_component|      ; 8 (8)             ; 0 (0)        ; 0                 ; 0            ; 0       ; 0         ; 0         ; 0    ; 0            ; |lab3|lab3RAM:inst1|lpm_bustri1:inst|lpm_bustri:lpm_bustri_component                                                                            ;              ;
;       |lpm_ram_dq0:inst1|                       ; 0 (0)             ; 0 (0)        ; 512               ; 0            ; 0       ; 0         ; 0         ; 0    ; 0            ; |lab3|lab3RAM:inst1|lpm_ram_dq0:inst1                                                                                                           ;              ;
;          |altsyncram:altsyncram_component|      ; 0 (0)             ; 0 (0)        ; 512               ; 0            ; 0       ; 0         ; 0         ; 0    ; 0            ; |lab3|lab3RAM:inst1|lpm_ram_dq0:inst1|altsyncram:altsyncram_component                                                                           ;              ;
;             |altsyncram_qla1:auto_generated|    ; 0 (0)             ; 0 (0)        ; 512               ; 0            ; 0       ; 0         ; 0         ; 0    ; 0            ; |lab3|lab3RAM:inst1|lpm_ram_dq0:inst1|altsyncram:altsyncram_component|altsyncram_qla1:auto_generated                                            ;              ;
;    |lab3ROM:inst2|                              ; 9 (1)             ; 0 (0)        ; 512               ; 0            ; 0       ; 0         ; 0         ; 0    ; 0            ; |lab3|lab3ROM:inst2                                                                                                                             ;              ;
;       |lpm_bustri0:inst1|                       ; 8 (0)             ; 0 (0)        ; 0                 ; 0            ; 0       ; 0         ; 0         ; 0    ; 0            ; |lab3|lab3ROM:inst2|lpm_bustri0:inst1                                                                                                           ; work         ;
;          |lpm_bustri:lpm_bustri_component|      ; 8 (8)             ; 0 (0)        ; 0                 ; 0            ; 0       ; 0         ; 0         ; 0    ; 0            ; |lab3|lab3ROM:inst2|lpm_bustri0:inst1|lpm_bustri:lpm_bustri_component                                                                           ; work         ;
;       |lpm_rom0:inst|                           ; 0 (0)             ; 0 (0)        ; 512               ; 0            ; 0       ; 0         ; 0         ; 0    ; 0            ; |lab3|lab3ROM:inst2|lpm_rom0:inst                                                                                                               ; work         ;
;          |altsyncram:altsyncram_component|      ; 0 (0)             ; 0 (0)        ; 512               ; 0            ; 0       ; 0         ; 0         ; 0    ; 0            ; |lab3|lab3ROM:inst2|lpm_rom0:inst|altsyncram:altsyncram_component                                                                               ; work         ;
;             |altsyncram_5j51:auto_generated|    ; 0 (0)             ; 0 (0)        ; 512               ; 0            ; 0       ; 0         ; 0         ; 0    ; 0            ; |lab3|lab3ROM:inst2|lpm_rom0:inst|altsyncram:altsyncram_component|altsyncram_5j51:auto_generated                                                ; work         ;
+-------------------------------------------------+-------------------+--------------+-------------------+--------------+---------+-----------+-----------+------+--------------+-------------------------------------------------------------------------------------------------------------------------------------------------+--------------+
Note: For table entries with two numbers listed, the numbers in parentheses indicate the number of resources of the given type used by the specific entity alone. The numbers listed outside of parentheses indicate the total resources of the given type used by the specific entity and all of its sub-entities in the hierarchy.


+-----------------------------------------------------------------------------------------------------------------------------------------------------------------------------------------------------------------------------------------------------------------+
; Analysis & Synthesis RAM Summary                                                                                                                                                                                                                                ;
+------------------------------------------------------------------------------------------------------------------------------------------------------+------+------------------+--------------+--------------+--------------+--------------+------+-------------+
; Name                                                                                                                                                 ; Type ; Mode             ; Port A Depth ; Port A Width ; Port B Depth ; Port B Width ; Size ; MIF         ;
+------------------------------------------------------------------------------------------------------------------------------------------------------+------+------------------+--------------+--------------+--------------+--------------+------+-------------+
; lab3BUFFER:inst|lpm_dff0:inst5|lpm_ff:lpm_ff_component|altshift_taps:dffs_rtl_0|shift_taps_e1m:auto_generated|altsyncram_g781:altsyncram2|ALTSYNCRAM ; AUTO ; Simple Dual Port ; 2            ; 8            ; 2            ; 8            ; 16   ; None        ;
; lab3RAM:inst1|lpm_ram_dq0:inst1|altsyncram:altsyncram_component|altsyncram_qla1:auto_generated|ALTSYNCRAM                                            ; AUTO ; Single Port      ; 64           ; 8            ; --           ; --           ; 512  ; ramInit.hex ;
; lab3ROM:inst2|lpm_rom0:inst|altsyncram:altsyncram_component|altsyncram_5j51:auto_generated|ALTSYNCRAM                                                ; AUTO ; ROM              ; 64           ; 8            ; --           ; --           ; 512  ; romInit.hex ;
+------------------------------------------------------------------------------------------------------------------------------------------------------+------+------------------+--------------+--------------+--------------+--------------+------+-------------+


+------------------------------------------------------+
; General Register Statistics                          ;
+----------------------------------------------+-------+
; Statistic                                    ; Value ;
+----------------------------------------------+-------+
; Total registers                              ; 1     ;
; Number of registers using Synchronous Clear  ; 0     ;
; Number of registers using Synchronous Load   ; 0     ;
; Number of registers using Asynchronous Clear ; 0     ;
; Number of registers using Asynchronous Load  ; 0     ;
; Number of registers using Clock Enable       ; 0     ;
; Number of registers using Preset             ; 0     ;
+----------------------------------------------+-------+


+-------------------------------------------------------------------------------------------------------------------+
; Source assignments for lab3ROM:inst2|lpm_rom0:inst|altsyncram:altsyncram_component|altsyncram_5j51:auto_generated ;
+---------------------------------+--------------------+------+-----------------------------------------------------+
; Assignment                      ; Value              ; From ; To                                                  ;
+---------------------------------+--------------------+------+-----------------------------------------------------+
; OPTIMIZE_POWER_DURING_SYNTHESIS ; NORMAL_COMPILATION ; -    ; -                                                   ;
+---------------------------------+--------------------+------+-----------------------------------------------------+


+-----------------------------------------------------------------------------------------------------------------------+
; Source assignments for lab3RAM:inst1|lpm_ram_dq0:inst1|altsyncram:altsyncram_component|altsyncram_qla1:auto_generated ;
+---------------------------------+--------------------+------+---------------------------------------------------------+
; Assignment                      ; Value              ; From ; To                                                      ;
+---------------------------------+--------------------+------+---------------------------------------------------------+
; OPTIMIZE_POWER_DURING_SYNTHESIS ; NORMAL_COMPILATION ; -    ; -                                                       ;
+---------------------------------+--------------------+------+---------------------------------------------------------+


+------------------------------------------------------------------------------------------------------------------------------------------------------------------+
; Source assignments for lab3BUFFER:inst|lpm_dff0:inst5|lpm_ff:lpm_ff_component|altshift_taps:dffs_rtl_0|shift_taps_e1m:auto_generated|altsyncram_g781:altsyncram2 ;
+---------------------------------+--------------------+------+----------------------------------------------------------------------------------------------------+
; Assignment                      ; Value              ; From ; To                                                                                                 ;
+---------------------------------+--------------------+------+----------------------------------------------------------------------------------------------------+
; OPTIMIZE_POWER_DURING_SYNTHESIS ; NORMAL_COMPILATION ; -    ; -                                                                                                  ;
+---------------------------------+--------------------+------+----------------------------------------------------------------------------------------------------+


+--------------------------------------------------------------------------------------------------------------+
; Parameter Settings for User Entity Instance: lab3ROM:inst2|lpm_bustri0:inst1|lpm_bustri:lpm_bustri_component ;
+----------------+-------+-------------------------------------------------------------------------------------+
; Parameter Name ; Value ; Type                                                                                ;
+----------------+-------+-------------------------------------------------------------------------------------+
; LPM_WIDTH      ; 8     ; Untyped                                                                             ;
+----------------+-------+-------------------------------------------------------------------------------------+
Note: In order to hide this table in the UI and the text report file, please set the "Show Parameter Settings Tables in Synthesis Report" option in "Analysis and Synthesis Settings -> More Settings" to "Off".


+--------------------------------------------------------------------------+
; Parameter Settings for User Entity Instance: lab3ROM:inst2|lpm_rom0:inst ;
+-----------------+-------+------------------------------------------------+
; Parameter Name  ; Value ; Type                                           ;
+-----------------+-------+------------------------------------------------+
; WIDTH_BYTEENA_A ; 1     ; Untyped                                        ;
; WIDTH_BYTEENA_B ; 1     ; Untyped                                        ;
+-----------------+-------+------------------------------------------------+
Note: In order to hide this table in the UI and the text report file, please set the "Show Parameter Settings Tables in Synthesis Report" option in "Analysis and Synthesis Settings -> More Settings" to "Off".


+----------------------------------------------------------------------------------------------------------+
; Parameter Settings for User Entity Instance: lab3ROM:inst2|lpm_rom0:inst|altsyncram:altsyncram_component ;
+------------------------------------+----------------------+----------------------------------------------+
; Parameter Name                     ; Value                ; Type                                         ;
+------------------------------------+----------------------+----------------------------------------------+
; BYTE_SIZE_BLOCK                    ; 8                    ; Untyped                                      ;
; AUTO_CARRY_CHAINS                  ; ON                   ; AUTO_CARRY                                   ;
; IGNORE_CARRY_BUFFERS               ; OFF                  ; IGNORE_CARRY                                 ;
; AUTO_CASCADE_CHAINS                ; ON                   ; AUTO_CASCADE                                 ;
; IGNORE_CASCADE_BUFFERS             ; OFF                  ; IGNORE_CASCADE                               ;
; WIDTH_BYTEENA                      ; 1                    ; Untyped                                      ;
; OPERATION_MODE                     ; ROM                  ; Untyped                                      ;
; WIDTH_A                            ; 8                    ; Untyped                                      ;
; WIDTHAD_A                          ; 6                    ; Untyped                                      ;
; NUMWORDS_A                         ; 64                   ; Untyped                                      ;
; OUTDATA_REG_A                      ; CLOCK1               ; Untyped                                      ;
; ADDRESS_ACLR_A                     ; NONE                 ; Untyped                                      ;
; OUTDATA_ACLR_A                     ; NONE                 ; Untyped                                      ;
; WRCONTROL_ACLR_A                   ; NONE                 ; Untyped                                      ;
; INDATA_ACLR_A                      ; NONE                 ; Untyped                                      ;
; BYTEENA_ACLR_A                     ; NONE                 ; Untyped                                      ;
; WIDTH_B                            ; 1                    ; Untyped                                      ;
; WIDTHAD_B                          ; 1                    ; Untyped                                      ;
; NUMWORDS_B                         ; 1                    ; Untyped                                      ;
; INDATA_REG_B                       ; CLOCK1               ; Untyped                                      ;
; WRCONTROL_WRADDRESS_REG_B          ; CLOCK1               ; Untyped                                      ;
; RDCONTROL_REG_B                    ; CLOCK1               ; Untyped                                      ;
; ADDRESS_REG_B                      ; CLOCK1               ; Untyped                                      ;
; OUTDATA_REG_B                      ; UNREGISTERED         ; Untyped                                      ;
; BYTEENA_REG_B                      ; CLOCK1               ; Untyped                                      ;
; INDATA_ACLR_B                      ; NONE                 ; Untyped                                      ;
; WRCONTROL_ACLR_B                   ; NONE                 ; Untyped                                      ;
; ADDRESS_ACLR_B                     ; NONE                 ; Untyped                                      ;
; OUTDATA_ACLR_B                     ; NONE                 ; Untyped                                      ;
; RDCONTROL_ACLR_B                   ; NONE                 ; Untyped                                      ;
; BYTEENA_ACLR_B                     ; NONE                 ; Untyped                                      ;
; WIDTH_BYTEENA_A                    ; 1                    ; Untyped                                      ;
; WIDTH_BYTEENA_B                    ; 1                    ; Untyped                                      ;
; RAM_BLOCK_TYPE                     ; AUTO                 ; Untyped                                      ;
; BYTE_SIZE                          ; 8                    ; Untyped                                      ;
; READ_DURING_WRITE_MODE_MIXED_PORTS ; DONT_CARE            ; Untyped                                      ;
; READ_DURING_WRITE_MODE_PORT_A      ; NEW_DATA_NO_NBE_READ ; Untyped                                      ;
; READ_DURING_WRITE_MODE_PORT_B      ; NEW_DATA_NO_NBE_READ ; Untyped                                      ;
; INIT_FILE                          ; romInit.hex          ; Untyped                                      ;
; INIT_FILE_LAYOUT                   ; PORT_A               ; Untyped                                      ;
; MAXIMUM_DEPTH                      ; 0                    ; Untyped                                      ;
; CLOCK_ENABLE_INPUT_A               ; BYPASS               ; Untyped                                      ;
; CLOCK_ENABLE_INPUT_B               ; NORMAL               ; Untyped                                      ;
; CLOCK_ENABLE_OUTPUT_A              ; BYPASS               ; Untyped                                      ;
; CLOCK_ENABLE_OUTPUT_B              ; NORMAL               ; Untyped                                      ;
; CLOCK_ENABLE_CORE_A                ; USE_INPUT_CLKEN      ; Untyped                                      ;
; CLOCK_ENABLE_CORE_B                ; USE_INPUT_CLKEN      ; Untyped                                      ;
; ENABLE_ECC                         ; FALSE                ; Untyped                                      ;
; DEVICE_FAMILY                      ; Stratix II           ; Untyped                                      ;
; CBXI_PARAMETER                     ; altsyncram_5j51      ; Untyped                                      ;
+------------------------------------+----------------------+----------------------------------------------+
Note: In order to hide this table in the UI and the text report file, please set the "Show Parameter Settings Tables in Synthesis Report" option in "Analysis and Synthesis Settings -> More Settings" to "Off".


+-------------------------------------------------------------------------------------------------------------+
; Parameter Settings for User Entity Instance: lab3RAM:inst1|lpm_bustri1:inst|lpm_bustri:lpm_bustri_component ;
+----------------+-------+------------------------------------------------------------------------------------+
; Parameter Name ; Value ; Type                                                                               ;
+----------------+-------+------------------------------------------------------------------------------------+
; LPM_WIDTH      ; 8     ; Untyped                                                                            ;
+----------------+-------+------------------------------------------------------------------------------------+
Note: In order to hide this table in the UI and the text report file, please set the "Show Parameter Settings Tables in Synthesis Report" option in "Analysis and Synthesis Settings -> More Settings" to "Off".


+------------------------------------------------------------------------------+
; Parameter Settings for User Entity Instance: lab3RAM:inst1|lpm_ram_dq0:inst1 ;
+-----------------+-------+----------------------------------------------------+
; Parameter Name  ; Value ; Type                                               ;
+-----------------+-------+----------------------------------------------------+
; WIDTH_BYTEENA_A ; 1     ; Untyped                                            ;
; WIDTH_BYTEENA_B ; 1     ; Untyped                                            ;
+-----------------+-------+----------------------------------------------------+
Note: In order to hide this table in the UI and the text report file, please set the "Show Parameter Settings Tables in Synthesis Report" option in "Analysis and Synthesis Settings -> More Settings" to "Off".


+--------------------------------------------------------------------------------------------------------------+
; Parameter Settings for User Entity Instance: lab3RAM:inst1|lpm_ram_dq0:inst1|altsyncram:altsyncram_component ;
+------------------------------------+----------------------+--------------------------------------------------+
; Parameter Name                     ; Value                ; Type                                             ;
+------------------------------------+----------------------+--------------------------------------------------+
; BYTE_SIZE_BLOCK                    ; 8                    ; Untyped                                          ;
; AUTO_CARRY_CHAINS                  ; ON                   ; AUTO_CARRY                                       ;
; IGNORE_CARRY_BUFFERS               ; OFF                  ; IGNORE_CARRY                                     ;
; AUTO_CASCADE_CHAINS                ; ON                   ; AUTO_CASCADE                                     ;
; IGNORE_CASCADE_BUFFERS             ; OFF                  ; IGNORE_CASCADE                                   ;
; WIDTH_BYTEENA                      ; 1                    ; Untyped                                          ;
; OPERATION_MODE                     ; SINGLE_PORT          ; Untyped                                          ;
; WIDTH_A                            ; 8                    ; Untyped                                          ;
; WIDTHAD_A                          ; 6                    ; Untyped                                          ;
; NUMWORDS_A                         ; 64                   ; Untyped                                          ;
; OUTDATA_REG_A                      ; CLOCK1               ; Untyped                                          ;
; ADDRESS_ACLR_A                     ; NONE                 ; Untyped                                          ;
; OUTDATA_ACLR_A                     ; NONE                 ; Untyped                                          ;
; WRCONTROL_ACLR_A                   ; NONE                 ; Untyped                                          ;
; INDATA_ACLR_A                      ; NONE                 ; Untyped                                          ;
; BYTEENA_ACLR_A                     ; NONE                 ; Untyped                                          ;
; WIDTH_B                            ; 1                    ; Untyped                                          ;
; WIDTHAD_B                          ; 1                    ; Untyped                                          ;
; NUMWORDS_B                         ; 1                    ; Untyped                                          ;
; INDATA_REG_B                       ; CLOCK1               ; Untyped                                          ;
; WRCONTROL_WRADDRESS_REG_B          ; CLOCK1               ; Untyped                                          ;
; RDCONTROL_REG_B                    ; CLOCK1               ; Untyped                                          ;
; ADDRESS_REG_B                      ; CLOCK1               ; Untyped                                          ;
; OUTDATA_REG_B                      ; UNREGISTERED         ; Untyped                                          ;
; BYTEENA_REG_B                      ; CLOCK1               ; Untyped                                          ;
; INDATA_ACLR_B                      ; NONE                 ; Untyped                                          ;
; WRCONTROL_ACLR_B                   ; NONE                 ; Untyped                                          ;
; ADDRESS_ACLR_B                     ; NONE                 ; Untyped                                          ;
; OUTDATA_ACLR_B                     ; NONE                 ; Untyped                                          ;
; RDCONTROL_ACLR_B                   ; NONE                 ; Untyped                                          ;
; BYTEENA_ACLR_B                     ; NONE                 ; Untyped                                          ;
; WIDTH_BYTEENA_A                    ; 1                    ; Untyped                                          ;
; WIDTH_BYTEENA_B                    ; 1                    ; Untyped                                          ;
; RAM_BLOCK_TYPE                     ; AUTO                 ; Untyped                                          ;
; BYTE_SIZE                          ; 8                    ; Untyped                                          ;
; READ_DURING_WRITE_MODE_MIXED_PORTS ; DONT_CARE            ; Untyped                                          ;
; READ_DURING_WRITE_MODE_PORT_A      ; NEW_DATA_NO_NBE_READ ; Untyped                                          ;
; READ_DURING_WRITE_MODE_PORT_B      ; NEW_DATA_NO_NBE_READ ; Untyped                                          ;
; INIT_FILE                          ; ramInit.hex          ; Untyped                                          ;
; INIT_FILE_LAYOUT                   ; PORT_A               ; Untyped                                          ;
; MAXIMUM_DEPTH                      ; 0                    ; Untyped                                          ;
; CLOCK_ENABLE_INPUT_A               ; BYPASS               ; Untyped                                          ;
; CLOCK_ENABLE_INPUT_B               ; NORMAL               ; Untyped                                          ;
; CLOCK_ENABLE_OUTPUT_A              ; BYPASS               ; Untyped                                          ;
; CLOCK_ENABLE_OUTPUT_B              ; NORMAL               ; Untyped                                          ;
; CLOCK_ENABLE_CORE_A                ; USE_INPUT_CLKEN      ; Untyped                                          ;
; CLOCK_ENABLE_CORE_B                ; USE_INPUT_CLKEN      ; Untyped                                          ;
; ENABLE_ECC                         ; FALSE                ; Untyped                                          ;
; DEVICE_FAMILY                      ; Stratix II           ; Untyped                                          ;
; CBXI_PARAMETER                     ; altsyncram_qla1      ; Untyped                                          ;
+------------------------------------+----------------------+--------------------------------------------------+
Note: In order to hide this table in the UI and the text report file, please set the "Show Parameter Settings Tables in Synthesis Report" option in "Analysis and Synthesis Settings -> More Settings" to "Off".


+-----------------------------------------------------------------------------------------------------------------+
; Parameter Settings for User Entity Instance: lab3BUFFER:inst|lpm_bustri1:inst10|lpm_bustri:lpm_bustri_component ;
+----------------+-------+----------------------------------------------------------------------------------------+
; Parameter Name ; Value ; Type                                                                                   ;
+----------------+-------+----------------------------------------------------------------------------------------+
; LPM_WIDTH      ; 8     ; Untyped                                                                                ;
+----------------+-------+----------------------------------------------------------------------------------------+
Note: In order to hide this table in the UI and the text report file, please set the "Show Parameter Settings Tables in Synthesis Report" option in "Analysis and Synthesis Settings -> More Settings" to "Off".


+------------------------------------------------------------------------------------------------------+
; Parameter Settings for User Entity Instance: lab3BUFFER:inst|lpm_dff0:inst11|lpm_ff:lpm_ff_component ;
+------------------------+------------+----------------------------------------------------------------+
; Parameter Name         ; Value      ; Type                                                           ;
+------------------------+------------+----------------------------------------------------------------+
; LPM_WIDTH              ; 8          ; Untyped                                                        ;
; LPM_AVALUE             ; UNUSED     ; Untyped                                                        ;
; LPM_SVALUE             ; UNUSED     ; Untyped                                                        ;
; LPM_FFTYPE             ; DFF        ; Untyped                                                        ;
; DEVICE_FAMILY          ; Stratix II ; Untyped                                                        ;
; CBXI_PARAMETER         ; NOTHING    ; Untyped                                                        ;
; AUTO_CARRY_CHAINS      ; ON         ; AUTO_CARRY                                                     ;
; IGNORE_CARRY_BUFFERS   ; OFF        ; IGNORE_CARRY                                                   ;
; AUTO_CASCADE_CHAINS    ; ON         ; AUTO_CASCADE                                                   ;
; IGNORE_CASCADE_BUFFERS ; OFF        ; IGNORE_CASCADE                                                 ;
+------------------------+------------+----------------------------------------------------------------+
Note: In order to hide this table in the UI and the text report file, please set the "Show Parameter Settings Tables in Synthesis Report" option in "Analysis and Synthesis Settings -> More Settings" to "Off".


+-----------------------------------------------------------------------------------------------------+
; Parameter Settings for User Entity Instance: lab3BUFFER:inst|lpm_dff0:inst9|lpm_ff:lpm_ff_component ;
+------------------------+------------+---------------------------------------------------------------+
; Parameter Name         ; Value      ; Type                                                          ;
+------------------------+------------+---------------------------------------------------------------+
; LPM_WIDTH              ; 8          ; Untyped                                                       ;
; LPM_AVALUE             ; UNUSED     ; Untyped                                                       ;
; LPM_SVALUE             ; UNUSED     ; Untyped                                                       ;
; LPM_FFTYPE             ; DFF        ; Untyped                                                       ;
; DEVICE_FAMILY          ; Stratix II ; Untyped                                                       ;
; CBXI_PARAMETER         ; NOTHING    ; Untyped                                                       ;
; AUTO_CARRY_CHAINS      ; ON         ; AUTO_CARRY                                                    ;
; IGNORE_CARRY_BUFFERS   ; OFF        ; IGNORE_CARRY                                                  ;
; AUTO_CASCADE_CHAINS    ; ON         ; AUTO_CASCADE                                                  ;
; IGNORE_CASCADE_BUFFERS ; OFF        ; IGNORE_CASCADE                                                ;
+------------------------+------------+---------------------------------------------------------------+
Note: In order to hide this table in the UI and the text report file, please set the "Show Parameter Settings Tables in Synthesis Report" option in "Analysis and Synthesis Settings -> More Settings" to "Off".


+-----------------------------------------------------------------------------------------------------+
; Parameter Settings for User Entity Instance: lab3BUFFER:inst|lpm_dff0:inst6|lpm_ff:lpm_ff_component ;
+------------------------+------------+---------------------------------------------------------------+
; Parameter Name         ; Value      ; Type                                                          ;
+------------------------+------------+---------------------------------------------------------------+
; LPM_WIDTH              ; 8          ; Untyped                                                       ;
; LPM_AVALUE             ; UNUSED     ; Untyped                                                       ;
; LPM_SVALUE             ; UNUSED     ; Untyped                                                       ;
; LPM_FFTYPE             ; DFF        ; Untyped                                                       ;
; DEVICE_FAMILY          ; Stratix II ; Untyped                                                       ;
; CBXI_PARAMETER         ; NOTHING    ; Untyped                                                       ;
; AUTO_CARRY_CHAINS      ; ON         ; AUTO_CARRY                                                    ;
; IGNORE_CARRY_BUFFERS   ; OFF        ; IGNORE_CARRY                                                  ;
; AUTO_CASCADE_CHAINS    ; ON         ; AUTO_CASCADE                                                  ;
; IGNORE_CASCADE_BUFFERS ; OFF        ; IGNORE_CASCADE                                                ;
+------------------------+------------+---------------------------------------------------------------+
Note: In order to hide this table in the UI and the text report file, please set the "Show Parameter Settings Tables in Synthesis Report" option in "Analysis and Synthesis Settings -> More Settings" to "Off".


+-----------------------------------------------------------------------------------------------------+
; Parameter Settings for User Entity Instance: lab3BUFFER:inst|lpm_dff0:inst5|lpm_ff:lpm_ff_component ;
+------------------------+------------+---------------------------------------------------------------+
; Parameter Name         ; Value      ; Type                                                          ;
+------------------------+------------+---------------------------------------------------------------+
; LPM_WIDTH              ; 8          ; Untyped                                                       ;
; LPM_AVALUE             ; UNUSED     ; Untyped                                                       ;
; LPM_SVALUE             ; UNUSED     ; Untyped                                                       ;
; LPM_FFTYPE             ; DFF        ; Untyped                                                       ;
; DEVICE_FAMILY          ; Stratix II ; Untyped                                                       ;
; CBXI_PARAMETER         ; NOTHING    ; Untyped                                                       ;
; AUTO_CARRY_CHAINS      ; ON         ; AUTO_CARRY                                                    ;
; IGNORE_CARRY_BUFFERS   ; OFF        ; IGNORE_CARRY                                                  ;
; AUTO_CASCADE_CHAINS    ; ON         ; AUTO_CASCADE                                                  ;
; IGNORE_CASCADE_BUFFERS ; OFF        ; IGNORE_CASCADE                                                ;
+------------------------+------------+---------------------------------------------------------------+
Note: In order to hide this table in the UI and the text report file, please set the "Show Parameter Settings Tables in Synthesis Report" option in "Analysis and Synthesis Settings -> More Settings" to "Off".


+----------------------------------------------------------------------------------------------------------------------------------+
; Parameter Settings for Inferred Entity Instance: lab3BUFFER:inst|lpm_dff0:inst5|lpm_ff:lpm_ff_component|altshift_taps:dffs_rtl_0 ;
+----------------+----------------+------------------------------------------------------------------------------------------------+
; Parameter Name ; Value          ; Type                                                                                           ;
+----------------+----------------+------------------------------------------------------------------------------------------------+
; WIDTH_BYTEENA  ; 1              ; Untyped                                                                                        ;
; NUMBER_OF_TAPS ; 1              ; Untyped                                                                                        ;
; TAP_DISTANCE   ; 4              ; Untyped                                                                                        ;
; WIDTH          ; 8              ; Untyped                                                                                        ;
; POWER_UP_STATE ; CLEARED        ; Untyped                                                                                        ;
; CBXI_PARAMETER ; shift_taps_e1m ; Untyped                                                                                        ;
+----------------+----------------+------------------------------------------------------------------------------------------------+
Note: In order to hide this table in the UI and the text report file, please set the "Show Parameter Settings Tables in Synthesis Report" option in "Analysis and Synthesis Settings -> More Settings" to "Off".


+-------------------------------------------------------------------------------------------------------------+
; altsyncram Parameter Settings by Entity Instance                                                            ;
+-------------------------------------------+-----------------------------------------------------------------+
; Name                                      ; Value                                                           ;
+-------------------------------------------+-----------------------------------------------------------------+
; Number of entity instances                ; 2                                                               ;
; Entity Instance                           ; lab3ROM:inst2|lpm_rom0:inst|altsyncram:altsyncram_component     ;
;     -- OPERATION_MODE                     ; ROM                                                             ;
;     -- WIDTH_A                            ; 8                                                               ;
;     -- NUMWORDS_A                         ; 64                                                              ;
;     -- OUTDATA_REG_A                      ; CLOCK1                                                          ;
;     -- WIDTH_B                            ; 1                                                               ;
;     -- NUMWORDS_B                         ; 1                                                               ;
;     -- ADDRESS_REG_B                      ; CLOCK1                                                          ;
;     -- OUTDATA_REG_B                      ; UNREGISTERED                                                    ;
;     -- RAM_BLOCK_TYPE                     ; AUTO                                                            ;
;     -- READ_DURING_WRITE_MODE_MIXED_PORTS ; DONT_CARE                                                       ;
; Entity Instance                           ; lab3RAM:inst1|lpm_ram_dq0:inst1|altsyncram:altsyncram_component ;
;     -- OPERATION_MODE                     ; SINGLE_PORT                                                     ;
;     -- WIDTH_A                            ; 8                                                               ;
;     -- NUMWORDS_A                         ; 64                                                              ;
;     -- OUTDATA_REG_A                      ; CLOCK1                                                          ;
;     -- WIDTH_B                            ; 1                                                               ;
;     -- NUMWORDS_B                         ; 1                                                               ;
;     -- ADDRESS_REG_B                      ; CLOCK1                                                          ;
;     -- OUTDATA_REG_B                      ; UNREGISTERED                                                    ;
;     -- RAM_BLOCK_TYPE                     ; AUTO                                                            ;
;     -- READ_DURING_WRITE_MODE_MIXED_PORTS ; DONT_CARE                                                       ;
+-------------------------------------------+-----------------------------------------------------------------+


+--------------------------------------------------------------------------------------------------------------+
; altshift_taps Parameter Settings by Entity Instance                                                          ;
+----------------------------+---------------------------------------------------------------------------------+
; Name                       ; Value                                                                           ;
+----------------------------+---------------------------------------------------------------------------------+
; Number of entity instances ; 1                                                                               ;
; Entity Instance            ; lab3BUFFER:inst|lpm_dff0:inst5|lpm_ff:lpm_ff_component|altshift_taps:dffs_rtl_0 ;
;     -- NUMBER_OF_TAPS      ; 1                                                                               ;
;     -- TAP_DISTANCE        ; 4                                                                               ;
;     -- WIDTH               ; 8                                                                               ;
+----------------------------+---------------------------------------------------------------------------------+


+-------------------------------+
; Analysis & Synthesis Messages ;
+-------------------------------+
Info: *******************************************************************
Info: Running Quartus II Analysis & Synthesis
    Info: Version 9.1 Build 222 10/21/2009 SJ Web Edition
    Info: Processing started: Fri Oct 13 01:21:09 2023
Info: Command: quartus_map --read_settings_files=on --write_settings_files=off lab3 -c lab3
Info: Found 1 design units, including 1 entities, in source file lab3.bdf
    Info: Found entity 1: lab3
Info: Found 1 design units, including 1 entities, in source file lab3rom.bdf
    Info: Found entity 1: lab3ROM
Info: Found 1 design units, including 1 entities, in source file lab3ram.bdf
    Info: Found entity 1: lab3RAM
Info: Found 1 design units, including 1 entities, in source file lab3buffer.bdf
    Info: Found entity 1: lab3BUFFER
Info: Elaborating entity "lab3" for the top level hierarchy
Info: Elaborating entity "lab3ROM" for hierarchy "lab3ROM:inst2"
Warning: Using design file lpm_bustri0.tdf, which is not specified as a design file for the current project, but contains definitions for 1 design units and 1 entities in project
    Info: Found entity 1: lpm_bustri0
Info: Elaborating entity "lpm_bustri0" for hierarchy "lab3ROM:inst2|lpm_bustri0:inst1"
Info: Elaborating entity "lpm_bustri" for hierarchy "lab3ROM:inst2|lpm_bustri0:inst1|lpm_bustri:lpm_bustri_component"
Info: Elaborated megafunction instantiation "lab3ROM:inst2|lpm_bustri0:inst1|lpm_bustri:lpm_bustri_component"
Info: Instantiated megafunction "lab3ROM:inst2|lpm_bustri0:inst1|lpm_bustri:lpm_bustri_component" with the following parameter:
    Info: Parameter "LPM_TYPE" = "LPM_BUSTRI"
    Info: Parameter "LPM_WIDTH" = "8"
Warning: Using design file lpm_rom0.tdf, which is not specified as a design file for the current project, but contains definitions for 1 design units and 1 entities in project
    Info: Found entity 1: lpm_rom0
Info: Elaborating entity "lpm_rom0" for hierarchy "lab3ROM:inst2|lpm_rom0:inst"
Info: Elaborating entity "altsyncram" for hierarchy "lab3ROM:inst2|lpm_rom0:inst|altsyncram:altsyncram_component"
Info: Elaborated megafunction instantiation "lab3ROM:inst2|lpm_rom0:inst|altsyncram:altsyncram_component"
Info: Instantiated megafunction "lab3ROM:inst2|lpm_rom0:inst|altsyncram:altsyncram_component" with the following parameter:
    Info: Parameter "LPM_TYPE" = "altsyncram"
    Info: Parameter "INTENDED_DEVICE_FAMILY" = "Stratix II"
    Info: Parameter "OPERATION_MODE" = "ROM"
    Info: Parameter "WIDTH_A" = "8"
    Info: Parameter "WIDTHAD_A" = "6"
    Info: Parameter "NUMWORDS_A" = "64"
    Info: Parameter "OUTDATA_REG_A" = "CLOCK1"
    Info: Parameter "OUTDATA_ACLR_A" = "NONE"
    Info: Parameter "INIT_FILE" = "romInit.hex"
    Info: Parameter "WIDTH_BYTEENA_A" = "1"
    Info: Parameter "CLOCK_ENABLE_INPUT_A" = "BYPASS"
    Info: Parameter "CLOCK_ENABLE_OUTPUT_A" = "BYPASS"
Info: Found 1 design units, including 1 entities, in source file db/altsyncram_5j51.tdf
    Info: Found entity 1: altsyncram_5j51
Info: Elaborating entity "altsyncram_5j51" for hierarchy "lab3ROM:inst2|lpm_rom0:inst|altsyncram:altsyncram_component|altsyncram_5j51:auto_generated"
Info: Elaborating entity "lab3RAM" for hierarchy "lab3RAM:inst1"
Warning: Using design file lpm_bustri1.tdf, which is not specified as a design file for the current project, but contains definitions for 1 design units and 1 entities in project
    Info: Found entity 1: lpm_bustri1
Info: Elaborating entity "lpm_bustri1" for hierarchy "lab3RAM:inst1|lpm_bustri1:inst"
Info: Elaborating entity "lpm_bustri" for hierarchy "lab3RAM:inst1|lpm_bustri1:inst|lpm_bustri:lpm_bustri_component"
Info: Elaborated megafunction instantiation "lab3RAM:inst1|lpm_bustri1:inst|lpm_bustri:lpm_bustri_component"
Info: Instantiated megafunction "lab3RAM:inst1|lpm_bustri1:inst|lpm_bustri:lpm_bustri_component" with the following parameter:
    Info: Parameter "LPM_TYPE" = "LPM_BUSTRI"
    Info: Parameter "LPM_WIDTH" = "8"
Warning: Using design file lpm_ram_dq0.tdf, which is not specified as a design file for the current project, but contains definitions for 1 design units and 1 entities in project
    Info: Found entity 1: lpm_ram_dq0
Info: Elaborating entity "lpm_ram_dq0" for hierarchy "lab3RAM:inst1|lpm_ram_dq0:inst1"
Info: Elaborating entity "altsyncram" for hierarchy "lab3RAM:inst1|lpm_ram_dq0:inst1|altsyncram:altsyncram_component"
Info: Elaborated megafunction instantiation "lab3RAM:inst1|lpm_ram_dq0:inst1|altsyncram:altsyncram_component"
Info: Instantiated megafunction "lab3RAM:inst1|lpm_ram_dq0:inst1|altsyncram:altsyncram_component" with the following parameter:
    Info: Parameter "POWER_UP_UNINITIALIZED" = "FALSE"
    Info: Parameter "LPM_TYPE" = "altsyncram"
    Info: Parameter "INTENDED_DEVICE_FAMILY" = "Stratix II"
    Info: Parameter "OPERATION_MODE" = "SINGLE_PORT"
    Info: Parameter "WIDTH_A" = "8"
    Info: Parameter "WIDTHAD_A" = "6"
    Info: Parameter "NUMWORDS_A" = "64"
    Info: Parameter "OUTDATA_REG_A" = "CLOCK1"
    Info: Parameter "OUTDATA_ACLR_A" = "NONE"
    Info: Parameter "INIT_FILE" = "ramInit.hex"
    Info: Parameter "WIDTH_BYTEENA_A" = "1"
    Info: Parameter "CLOCK_ENABLE_INPUT_A" = "BYPASS"
    Info: Parameter "CLOCK_ENABLE_OUTPUT_A" = "BYPASS"
Info: Found 1 design units, including 1 entities, in source file db/altsyncram_qla1.tdf
    Info: Found entity 1: altsyncram_qla1
Info: Elaborating entity "altsyncram_qla1" for hierarchy "lab3RAM:inst1|lpm_ram_dq0:inst1|altsyncram:altsyncram_component|altsyncram_qla1:auto_generated"
Info: Elaborating entity "lab3BUFFER" for hierarchy "lab3BUFFER:inst"
Warning: Using design file lpm_dff0.tdf, which is not specified as a design file for the current project, but contains definitions for 1 design units and 1 entities in project
    Info: Found entity 1: lpm_dff0
Info: Elaborating entity "lpm_dff0" for hierarchy "lab3BUFFER:inst|lpm_dff0:inst11"
Info: Elaborating entity "lpm_ff" for hierarchy "lab3BUFFER:inst|lpm_dff0:inst11|lpm_ff:lpm_ff_component"
Info: Elaborated megafunction instantiation "lab3BUFFER:inst|lpm_dff0:inst11|lpm_ff:lpm_ff_component"
Info: Instantiated megafunction "lab3BUFFER:inst|lpm_dff0:inst11|lpm_ff:lpm_ff_component" with the following parameter:
    Info: Parameter "LPM_TYPE" = "LPM_FF"
    Info: Parameter "LPM_WIDTH" = "8"
    Info: Parameter "LPM_FFTYPE" = "DFF"
Info: Inferred 1 megafunctions from design logic
    Info: Inferred altshift_taps megafunction from the following design logic: "lab3BUFFER:inst|lpm_dff0:inst5|lpm_ff:lpm_ff_component|dffs[7]~0"
        Info: Parameter NUMBER_OF_TAPS set to 1
        Info: Parameter TAP_DISTANCE set to 4
        Info: Parameter WIDTH set to 8
Info: Elaborated megafunction instantiation "lab3BUFFER:inst|lpm_dff0:inst5|lpm_ff:lpm_ff_component|altshift_taps:dffs_rtl_0"
Info: Instantiated megafunction "lab3BUFFER:inst|lpm_dff0:inst5|lpm_ff:lpm_ff_component|altshift_taps:dffs_rtl_0" with the following parameter:
    Info: Parameter "NUMBER_OF_TAPS" = "1"
    Info: Parameter "TAP_DISTANCE" = "4"
    Info: Parameter "WIDTH" = "8"
Info: Found 1 design units, including 1 entities, in source file db/shift_taps_e1m.tdf
    Info: Found entity 1: shift_taps_e1m
Info: Found 1 design units, including 1 entities, in source file db/altsyncram_g781.tdf
    Info: Found entity 1: altsyncram_g781
Info: Found 1 design units, including 1 entities, in source file db/cntr_klf.tdf
    Info: Found entity 1: cntr_klf
Warning: Tri-state node(s) do not directly drive top-level pin(s)
    Warning: Converted the fan-out from the tri-state buffer "lab3RAM:inst1|lpm_bustri1:inst|lpm_bustri:lpm_bustri_component|din[7]" to the node "lab3RAM:inst1|lpm_ram_dq0:inst1|altsyncram:altsyncram_component|altsyncram_qla1:auto_generated|q_a[7]" into an OR gate
    Warning: Converted the fan-out from the tri-state buffer "lab3BUFFER:inst|lpm_bustri1:inst10|lpm_bustri:lpm_bustri_component|din[7]" to the node "lab3BUFFER:inst|lpm_dff0:inst5|lpm_ff:lpm_ff_component|altshift_taps:dffs_rtl_0|shift_taps_e1m:auto_generated|altsyncram_g781:altsyncram2|ram_block3a0" into an OR gate
    Warning: Converted the fan-out from the tri-state buffer "lab3RAM:inst1|lpm_bustri1:inst|lpm_bustri:lpm_bustri_component|din[6]" to the node "lab3RAM:inst1|lpm_ram_dq0:inst1|altsyncram:altsyncram_component|altsyncram_qla1:auto_generated|q_a[6]" into an OR gate
    Warning: Converted the fan-out from the tri-state buffer "lab3BUFFER:inst|lpm_bustri1:inst10|lpm_bustri:lpm_bustri_component|din[6]" to the node "lab3BUFFER:inst|lpm_dff0:inst5|lpm_ff:lpm_ff_component|altshift_taps:dffs_rtl_0|shift_taps_e1m:auto_generated|altsyncram_g781:altsyncram2|ram_block3a1" into an OR gate
    Warning: Converted the fan-out from the tri-state buffer "lab3RAM:inst1|lpm_bustri1:inst|lpm_bustri:lpm_bustri_component|din[5]" to the node "lab3RAM:inst1|lpm_ram_dq0:inst1|altsyncram:altsyncram_component|altsyncram_qla1:auto_generated|q_a[5]" into an OR gate
    Warning: Converted the fan-out from the tri-state buffer "lab3BUFFER:inst|lpm_bustri1:inst10|lpm_bustri:lpm_bustri_component|din[5]" to the node "lab3BUFFER:inst|lpm_dff0:inst5|lpm_ff:lpm_ff_component|altshift_taps:dffs_rtl_0|shift_taps_e1m:auto_generated|altsyncram_g781:altsyncram2|ram_block3a2" into an OR gate
    Warning: Converted the fan-out from the tri-state buffer "lab3RAM:inst1|lpm_bustri1:inst|lpm_bustri:lpm_bustri_component|din[4]" to the node "lab3RAM:inst1|lpm_ram_dq0:inst1|altsyncram:altsyncram_component|altsyncram_qla1:auto_generated|q_a[4]" into an OR gate
    Warning: Converted the fan-out from the tri-state buffer "lab3BUFFER:inst|lpm_bustri1:inst10|lpm_bustri:lpm_bustri_component|din[4]" to the node "lab3BUFFER:inst|lpm_dff0:inst5|lpm_ff:lpm_ff_component|altshift_taps:dffs_rtl_0|shift_taps_e1m:auto_generated|altsyncram_g781:altsyncram2|ram_block3a3" into an OR gate
    Warning: Converted the fan-out from the tri-state buffer "lab3RAM:inst1|lpm_bustri1:inst|lpm_bustri:lpm_bustri_component|din[3]" to the node "lab3RAM:inst1|lpm_ram_dq0:inst1|altsyncram:altsyncram_component|altsyncram_qla1:auto_generated|q_a[3]" into an OR gate
    Warning: Converted the fan-out from the tri-state buffer "lab3BUFFER:inst|lpm_bustri1:inst10|lpm_bustri:lpm_bustri_component|din[3]" to the node "lab3BUFFER:inst|lpm_dff0:inst5|lpm_ff:lpm_ff_component|altshift_taps:dffs_rtl_0|shift_taps_e1m:auto_generated|altsyncram_g781:altsyncram2|ram_block3a4" into an OR gate
    Warning: Converted the fan-out from the tri-state buffer "lab3RAM:inst1|lpm_bustri1:inst|lpm_bustri:lpm_bustri_component|din[2]" to the node "lab3RAM:inst1|lpm_ram_dq0:inst1|altsyncram:altsyncram_component|altsyncram_qla1:auto_generated|q_a[2]" into an OR gate
    Warning: Converted the fan-out from the tri-state buffer "lab3BUFFER:inst|lpm_bustri1:inst10|lpm_bustri:lpm_bustri_component|din[2]" to the node "lab3BUFFER:inst|lpm_dff0:inst5|lpm_ff:lpm_ff_component|altshift_taps:dffs_rtl_0|shift_taps_e1m:auto_generated|altsyncram_g781:altsyncram2|ram_block3a5" into an OR gate
    Warning: Converted the fan-out from the tri-state buffer "lab3RAM:inst1|lpm_bustri1:inst|lpm_bustri:lpm_bustri_component|din[1]" to the node "lab3RAM:inst1|lpm_ram_dq0:inst1|altsyncram:altsyncram_component|altsyncram_qla1:auto_generated|q_a[1]" into an OR gate
    Warning: Converted the fan-out from the tri-state buffer "lab3BUFFER:inst|lpm_bustri1:inst10|lpm_bustri:lpm_bustri_component|din[1]" to the node "lab3BUFFER:inst|lpm_dff0:inst5|lpm_ff:lpm_ff_component|altshift_taps:dffs_rtl_0|shift_taps_e1m:auto_generated|altsyncram_g781:altsyncram2|ram_block3a6" into an OR gate
    Warning: Converted the fan-out from the tri-state buffer "lab3RAM:inst1|lpm_bustri1:inst|lpm_bustri:lpm_bustri_component|din[0]" to the node "lab3RAM:inst1|lpm_ram_dq0:inst1|altsyncram:altsyncram_component|altsyncram_qla1:auto_generated|q_a[0]" into an OR gate
    Warning: Converted the fan-out from the tri-state buffer "lab3BUFFER:inst|lpm_bustri1:inst10|lpm_bustri:lpm_bustri_component|din[0]" to the node "lab3BUFFER:inst|lpm_dff0:inst5|lpm_ff:lpm_ff_component|altshift_taps:dffs_rtl_0|shift_taps_e1m:auto_generated|altsyncram_g781:altsyncram2|ram_block3a7" into an OR gate
Warning: Tri-state node(s) do not directly drive top-level pin(s)
    Warning: Converted the fan-out from the tri-state buffer "lab3ROM:inst2|lpm_bustri0:inst1|lpm_bustri:lpm_bustri_component|dout[7]" to the node "lab3RAM:inst1|lpm_bustri1:inst|lpm_bustri:lpm_bustri_component|din[7]" into an OR gate
    Warning: Converted the fan-out from the tri-state buffer "lab3ROM:inst2|lpm_bustri0:inst1|lpm_bustri:lpm_bustri_component|dout[6]" to the node "lab3RAM:inst1|lpm_bustri1:inst|lpm_bustri:lpm_bustri_component|din[6]" into an OR gate
    Warning: Converted the fan-out from the tri-state buffer "lab3ROM:inst2|lpm_bustri0:inst1|lpm_bustri:lpm_bustri_component|dout[5]" to the node "lab3RAM:inst1|lpm_bustri1:inst|lpm_bustri:lpm_bustri_component|din[5]" into an OR gate
    Warning: Converted the fan-out from the tri-state buffer "lab3ROM:inst2|lpm_bustri0:inst1|lpm_bustri:lpm_bustri_component|dout[4]" to the node "lab3RAM:inst1|lpm_bustri1:inst|lpm_bustri:lpm_bustri_component|din[4]" into an OR gate
    Warning: Converted the fan-out from the tri-state buffer "lab3ROM:inst2|lpm_bustri0:inst1|lpm_bustri:lpm_bustri_component|dout[3]" to the node "lab3RAM:inst1|lpm_bustri1:inst|lpm_bustri:lpm_bustri_component|din[3]" into an OR gate
    Warning: Converted the fan-out from the tri-state buffer "lab3ROM:inst2|lpm_bustri0:inst1|lpm_bustri:lpm_bustri_component|dout[2]" to the node "lab3RAM:inst1|lpm_bustri1:inst|lpm_bustri:lpm_bustri_component|din[2]" into an OR gate
    Warning: Converted the fan-out from the tri-state buffer "lab3ROM:inst2|lpm_bustri0:inst1|lpm_bustri:lpm_bustri_component|dout[1]" to the node "lab3RAM:inst1|lpm_bustri1:inst|lpm_bustri:lpm_bustri_component|din[1]" into an OR gate
    Warning: Converted the fan-out from the tri-state buffer "lab3ROM:inst2|lpm_bustri0:inst1|lpm_bustri:lpm_bustri_component|dout[0]" to the node "lab3RAM:inst1|lpm_bustri1:inst|lpm_bustri:lpm_bustri_component|din[0]" into an OR gate
Info: Implemented 70 device resources after synthesis - the final resource count might be different
    Info: Implemented 10 input pins
    Info: Implemented 8 output pins
    Info: Implemented 28 logic cells
    Info: Implemented 24 RAM segments
Info: Quartus II Analysis & Synthesis was successful. 0 errors, 31 warnings
    Info: Peak virtual memory: 234 megabytes
    Info: Processing ended: Fri Oct 13 01:21:10 2023
    Info: Elapsed time: 00:00:01
    Info: Total CPU time (on all processors): 00:00:01


